# JRE version: OpenJDK Runtime Environment GraalVM CE 22.1.0 (11.0.15+10) (build 11.0.15+10-jvmci-22.1-b06)
# Java VM: OpenJDK 64-Bit Server VM GraalVM CE 22.1.0 (11.0.15+10-jvmci-22.1-b06, mixed mode, sharing, tiered, jvmci, compressed oops, g1 gc, windows-amd64)
Heap:
 garbage-first heap   total 269312K, used 185614K [0x0000000086600000, 0x0000000100000000)
  region size 1024K, 138 young (141312K), 12 survivors (12288K)
 Metaspace       used 106935K, capacity 109617K, committed 109836K, reserved 1144832K
  class space    used 14285K, capacity 15334K, committed 15456K, reserved 1048576K
GC Heap History (20 events):
Event: 6.134 GC heap before
{Heap before GC invocations=10 (full 0):
 garbage-first heap   total 150528K, used 103826K [0x0000000086600000, 0x0000000100000000)
  region size 1024K, 88 young (90112K), 6 survivors (6144K)
 Metaspace       used 43334K, capacity 44786K, committed 45056K, reserved 1087488K
  class space    used 5962K, capacity 6536K, committed 6656K, reserved 1048576K
}
Event: 6.148 GC heap after
{Heap after GC invocations=11 (full 0):
 garbage-first heap   total 224256K, used 22496K [0x0000000086600000, 0x0000000100000000)
  region size 1024K, 9 young (9216K), 9 survivors (9216K)
 Metaspace       used 43334K, capacity 44786K, committed 45056K, reserved 1087488K
  class space    used 5962K, capacity 6536K, committed 6656K, reserved 1048576K
}
Event: 7.128 GC heap before
{Heap before GC invocations=11 (full 0):
 garbage-first heap   total 224256K, used 131040K [0x0000000086600000, 0x0000000100000000)
  region size 1024K, 115 young (117760K), 9 survivors (9216K)
 Metaspace       used 49829K, capacity 51349K, committed 51712K, reserved 1093632K
  class space    used 6957K, capacity 7554K, committed 7680K, reserved 1048576K
}
Event: 7.140 GC heap after
{Heap after GC invocations=12 (full 0):
 garbage-first heap   total 224256K, used 25403K [0x0000000086600000, 0x0000000100000000)
  region size 1024K, 9 young (9216K), 9 survivors (9216K)
 Metaspace       used 49829K, capacity 51349K, committed 51712K, reserved 1093632K
  class space    used 6957K, capacity 7554K, committed 7680K, reserved 1048576K
}
Event: 8.301 GC heap before
{Heap before GC invocations=12 (full 0):
 garbage-first heap   total 224256K, used 150331K [0x0000000086600000, 0x0000000100000000)
  region size 1024K, 131 young (134144K), 9 survivors (9216K)
 Metaspace       used 55293K, capacity 57057K, committed 57344K, reserved 1097728K
  class space    used 7691K, capacity 8404K, committed 8448K, reserved 1048576K
}
Event: 8.323 GC heap after
{Heap after GC invocations=13 (full 0):
 garbage-first heap   total 224256K, used 27993K [0x0000000086600000, 0x0000000100000000)
  region size 1024K, 11 young (11264K), 11 survivors (11264K)
 Metaspace       used 55293K, capacity 57057K, committed 57344K, reserved 1097728K
  class space    used 7691K, capacity 8404K, committed 8448K, reserved 1048576K
}
Event: 9.093 GC heap before
{Heap before GC invocations=13 (full 0):
 garbage-first heap   total 224256K, used 150873K [0x0000000086600000, 0x0000000100000000)
  region size 1024K, 131 young (134144K), 11 survivors (11264K)
 Metaspace       used 56078K, capacity 57920K, committed 58240K, reserved 1099776K
  class space    used 7758K, capacity 8497K, committed 8576K, reserved 1048576K
}
Event: 9.112 GC heap after
{Heap after GC invocations=14 (full 0):
 garbage-first heap   total 224256K, used 30829K [0x0000000086600000, 0x0000000100000000)
  region size 1024K, 12 young (12288K), 12 survivors (12288K)
 Metaspace       used 56078K, capacity 57920K, committed 58240K, reserved 1099776K
  class space    used 7758K, capacity 8497K, committed 8576K, reserved 1048576K
}
Event: 9.644 GC heap before
{Heap before GC invocations=14 (full 0):
 garbage-first heap   total 224256K, used 98413K [0x0000000086600000, 0x0000000100000000)
  region size 1024K, 79 young (80896K), 12 survivors (12288K)
 Metaspace       used 57926K, capacity 59752K, committed 59948K, reserved 1099776K
  class space    used 8014K, capacity 8743K, committed 8832K, reserved 1048576K
}
Event: 9.659 GC heap after
{Heap after GC invocations=15 (full 0):
 garbage-first heap   total 224256K, used 32586K [0x0000000086600000, 0x0000000100000000)
  region size 1024K, 11 young (11264K), 11 survivors (11264K)
 Metaspace       used 57926K, capacity 59752K, committed 59948K, reserved 1099776K
  class space    used 8014K, capacity 8743K, committed 8832K, reserved 1048576K
}
Event: 10.664 GC heap before
{Heap before GC invocations=16 (full 0):
 garbage-first heap   total 224256K, used 155466K [0x0000000086600000, 0x0000000100000000)
  region size 1024K, 131 young (134144K), 11 survivors (11264K)
 Metaspace       used 61615K, capacity 63701K, committed 63788K, reserved 1103872K
  class space    used 8532K, capacity 9329K, committed 9344K, reserved 1048576K
}
Event: 10.688 GC heap after
{Heap after GC invocations=17 (full 0):
 garbage-first heap   total 269312K, used 45366K [0x0000000086600000, 0x0000000100000000)
  region size 1024K, 17 young (17408K), 17 survivors (17408K)
 Metaspace       used 61615K, capacity 63701K, committed 63788K, reserved 1103872K
  class space    used 8532K, capacity 9329K, committed 9344K, reserved 1048576K
}
Event: 14.819 GC heap before
{Heap before GC invocations=17 (full 0):
 garbage-first heap   total 269312K, used 188726K [0x0000000086600000, 0x0000000100000000)
  region size 1024K, 157 young (160768K), 17 survivors (17408K)
 Metaspace       used 65064K, capacity 67205K, committed 67372K, reserved 1107968K
  class space    used 8988K, capacity 9812K, committed 9856K, reserved 1048576K
}
Event: 14.847 GC heap after
{Heap after GC invocations=18 (full 0):
 garbage-first heap   total 269312K, used 47090K [0x0000000086600000, 0x0000000100000000)
  region size 1024K, 12 young (12288K), 12 survivors (12288K)
 Metaspace       used 65064K, capacity 67205K, committed 67372K, reserved 1107968K
  class space    used 8988K, capacity 9812K, committed 9856K, reserved 1048576K
}
Event: 79.862 GC heap before
{Heap before GC invocations=18 (full 0):
 garbage-first heap   total 269312K, used 196594K [0x0000000086600000, 0x0000000100000000)
  region size 1024K, 157 young (160768K), 12 survivors (12288K)
 Metaspace       used 78962K, capacity 81239K, committed 81324K, reserved 1120256K
  class space    used 10543K, capacity 11453K, committed 11520K, reserved 1048576K
}
Event: 79.885 GC heap after
{Heap after GC invocations=19 (full 0):
 garbage-first heap   total 269312K, used 56320K [0x0000000086600000, 0x0000000100000000)
  region size 1024K, 9 young (9216K), 9 survivors (9216K)
 Metaspace       used 78962K, capacity 81239K, committed 81324K, reserved 1120256K
  class space    used 10543K, capacity 11453K, committed 11520K, reserved 1048576K
}
Event: 80.690 GC heap before
{Heap before GC invocations=19 (full 0):
 garbage-first heap   total 269312K, used 206848K [0x0000000086600000, 0x0000000100000000)
  region size 1024K, 157 young (160768K), 9 survivors (9216K)
 Metaspace       used 96084K, capacity 98611K, committed 98732K, reserved 1134592K
  class space    used 12781K, capacity 13778K, committed 13824K, reserved 1048576K
}
Event: 80.704 GC heap after
{Heap after GC invocations=20 (full 0):
 garbage-first heap   total 269312K, used 59829K [0x0000000086600000, 0x0000000100000000)
  region size 1024K, 13 young (13312K), 13 survivors (13312K)
 Metaspace       used 96084K, capacity 98611K, committed 98732K, reserved 1134592K
  class space    used 12781K, capacity 13778K, committed 13824K, reserved 1048576K
}
Event: 80.807 GC heap before
{Heap before GC invocations=20 (full 0):
 garbage-first heap   total 269312K, used 76213K [0x0000000086600000, 0x0000000100000000)
  region size 1024K, 30 young (30720K), 13 survivors (13312K)
 Metaspace       used 97753K, capacity 100204K, committed 100268K, reserved 1136640K
  class space    used 13078K, capacity 14075K, committed 14080K, reserved 1048576K
}
Event: 80.823 GC heap after
{Heap after GC invocations=21 (full 0):
 garbage-first heap   total 269312K, used 60686K [0x0000000086600000, 0x0000000100000000)
  region size 1024K, 12 young (12288K), 12 survivors (12288K)
 Metaspace       used 97753K, capacity 100204K, committed 100268K, reserved 1136640K
  class space    used 13078K, capacity 14075K, committed 14080K, reserved 1048576K
}

